Arguments: 
  C:\Program Files\nodejs\node.exe C:\Users\rus_anonym\AppData\Roaming\npm\node_modules\yarn\bin\yarn.js add @types/moment-precize-range-plugin -D

PATH: 
  C:\Program Files\NVIDIA GPU Computing Toolkit\CUDA\v11.1\bin;C:\Program Files\NVIDIA GPU Computing Toolkit\CUDA\v11.1\libnvvp;C:\Python38\Scripts\;C:\Python38\;C:\Program Files (x86)\NetSarang\Xftp 6\;C:\Program Files (x86)\NetSarang\Xshell 6\;C:\Windows\system32;C:\Windows;C:\Windows\System32\Wbem;C:\Windows\System32\WindowsPowerShell\v1.0\;C:\Windows\System32\OpenSSH\;C:\Program Files\Microsoft SQL Server\130\Tools\Binn\;C:\Program Files\Microsoft SQL Server\Client SDK\ODBC\170\Tools\Binn\;C:\ProgramData\chocolatey\bin;C:\Program Files\Git\cmd;C:\Program Files\Docker\Docker\resources\bin;C:\ProgramData\DockerDesktop\version-bin;C:\Program Files (x86)\WinSCP\;C:\Program Files\NVIDIA Corporation\Nsight Compute 2020.2.0\;C:\Program Files\dotnet\;C:\Program Files\nodejs\;C:\Program Files\NVIDIA Corporation\NVIDIA NvDLISR;C:\Program Files\CMake\bin;C:\Program Files\LLVM\bin;C:\Users\rus_anonym\AppData\Local\Programs\Python\Python39\Scripts\;C:\Users\rus_anonym\AppData\Local\Programs\Python\Python39\;C:\Users\rus_anonym\AppData\Local\Microsoft\WindowsApps;C:\Users\rus_anonym\AppData\Local\Programs\Microsoft VS Code\bin;C:\tools\dart-sdk\bin;C:\Users\rus_anonym\AppData\Roaming\Pub\Cache\bin;C:\tools\bin;C:\Users\rus_anonym\AppData\Local\GitHubDesktop\bin;C:\tools\flutter\bin;C:\Users\rus_anonym\AppData\Roaming\npm;C:\Program Files\JetBrains\WebStorm 2020.2.2\bin;;C:\Program Files\JetBrains\CLion 2020.2.4\bin;;C:\Program Files (x86)\GitHub CLI\;C:\Users\rus_anonym\.dotnet\tools;C:\Program Files\mingw-w64\x86_64-8.1.0-posix-seh-rt_v6-rev0\mingw64\bin;

Yarn version: 
  1.22.10

Node version: 
  15.1.0

Platform: 
  win32 x64

Trace: 
  Error: https://registry.yarnpkg.com/@types%2fmoment-precize-range-plugin: Not found
      at Request.params.callback [as _callback] (C:\Users\rus_anonym\AppData\Roaming\npm\node_modules\yarn\lib\cli.js:66988:18)
      at Request.self.callback (C:\Users\rus_anonym\AppData\Roaming\npm\node_modules\yarn\lib\cli.js:140662:22)
      at Request.emit (node:events:327:20)
      at Request.<anonymous> (C:\Users\rus_anonym\AppData\Roaming\npm\node_modules\yarn\lib\cli.js:141634:10)
      at Request.emit (node:events:327:20)
      at IncomingMessage.<anonymous> (C:\Users\rus_anonym\AppData\Roaming\npm\node_modules\yarn\lib\cli.js:141556:12)
      at Object.onceWrapper (node:events:433:28)
      at IncomingMessage.emit (node:events:339:22)
      at endReadableNT (node:internal/streams/readable:1289:12)
      at processTicksAndRejections (node:internal/process/task_queues:80:21)

npm manifest: 
  {
  	"name": "rus-anonym-utils",
  	"version": "2.0.27",
  	"description": "Personal set of utilities from RusAnonym",
  	"main": "./out/cjs/main.js",
  	"module": "./out/main.js",
  	"files": [
  		"out/"
  	],
  	"directories": {
  		"out": "out"
  	},
  	"repository": {
  		"type": "git",
  		"url": "git+https://github.com/RusAnonym/rus-anonym-utils.git"
  	},
  	"author": "anonymous_rus <alexandrsemin2033@gmail.com>",
  	"homepage": "https://github.com/RusAnonym/rus-anonym-utils#readme",
  	"bugs": {
  		"url": "https://github.com/RusAnonym/rus-anonym-utils/issues"
  	},
  	"scripts": {
  		"build": "tsc -p tsconfig.json && tsc -p tsconfig-cjs.json",
  		"prepublish": "yarn build",
  		"test": "yarn build && node test"
  	},
  	"license": "MIT",
  	"devDependencies": {
  		"@types/moment-precise-range-plugin": "^0.2.0",
  		"@types/node": "^12.0.0",
  		"@types/request": "^2.48.5",
  		"@types/request-promise": "^4.1.46",
  		"typescript": "^4.0.5"
  	},
  	"dependencies": {
  		"axios": "^0.21.0",
  		"moment": "^2.29.1",
  		"moment-precise-range-plugin": "^1.3.0",
  		"npm-api": "^1.0.0",
  		"vk-io": "^4.0.3"
  	}
  }

yarn manifest: 
  No manifest

Lockfile: 
  # THIS IS AN AUTOGENERATED FILE. DO NOT EDIT THIS FILE DIRECTLY.
  # yarn lockfile v1
  
  
  "@types/bluebird@*":
    "version" "3.5.33"
  
  "@types/caseless@*":
    "version" "0.12.2"
  
  "@types/moment-precise-range-plugin@^0.2.0":
    "integrity" "sha512-YQKQxgAzKAskABzJIrMfKjEJENHtKvWmCvPjiy+sdaAwvYZF9y5P/NqBWVNCIPoYPix1yG8Aocj/0uhfLFoexg=="
    "resolved" "https://registry.npmjs.org/@types/moment-precise-range-plugin/-/moment-precise-range-plugin-0.2.0.tgz"
    "version" "0.2.0"
    dependencies:
      "moment" ">=2.14.0"
  
  "@types/node@*":
    "version" "14.14.10"
  
  "@types/node@^12.0.0":
    "version" "12.19.7"
  
  "@types/request-promise@^4.1.46":
    "version" "4.1.46"
    dependencies:
      "@types/bluebird" "*"
      "@types/request" "*"
  
  "@types/request@*", "@types/request@^2.48.5":
    "version" "2.48.5"
    dependencies:
      "@types/caseless" "*"
      "@types/node" "*"
      "@types/tough-cookie" "*"
      "form-data" "^2.5.0"
  
  "@types/tough-cookie@*":
    "version" "4.0.0"
  
  "abort-controller@^3.0.0":
    "version" "3.0.0"
    dependencies:
      "event-target-shim" "^5.0.0"
  
  "ajv@^6.12.3":
    "version" "6.12.6"
    dependencies:
      "fast-deep-equal" "^3.1.1"
      "fast-json-stable-stringify" "^2.0.0"
      "json-schema-traverse" "^0.4.1"
      "uri-js" "^4.2.2"
  
  "asn1@~0.2.3":
    "version" "0.2.4"
    dependencies:
      "safer-buffer" "~2.1.0"
  
  "assert-plus@^1.0.0", "assert-plus@1.0.0":
    "version" "1.0.0"
  
  "asynckit@^0.4.0":
    "version" "0.4.0"
  
  "aws-sign2@~0.7.0":
    "version" "0.7.0"
  
  "aws4@^1.8.0":
    "version" "1.11.0"
  
  "axios@^0.18.0":
    "version" "0.18.1"
    dependencies:
      "follow-redirects" "1.5.10"
      "is-buffer" "^2.0.2"
  
  "axios@^0.21.0":
    "version" "0.21.0"
    dependencies:
      "follow-redirects" "^1.10.0"
  
  "bcrypt-pbkdf@^1.0.0":
    "version" "1.0.2"
    dependencies:
      "tweetnacl" "^0.14.3"
  
  "caseless@~0.12.0":
    "version" "0.12.0"
  
  "clone-deep@^4.0.1":
    "version" "4.0.1"
    dependencies:
      "is-plain-object" "^2.0.4"
      "kind-of" "^6.0.2"
      "shallow-clone" "^3.0.0"
  
  "combined-stream@^1.0.6", "combined-stream@^1.0.8", "combined-stream@~1.0.6":
    "version" "1.0.8"
    dependencies:
      "delayed-stream" "~1.0.0"
  
  "core-util-is@1.0.2":
    "version" "1.0.2"
  
  "dashdash@^1.12.0":
    "version" "1.14.1"
    dependencies:
      "assert-plus" "^1.0.0"
  
  "debug@^4.3.1":
    "version" "4.3.1"
    dependencies:
      "ms" "2.1.2"
  
  "debug@=3.1.0":
    "version" "3.1.0"
    dependencies:
      "ms" "2.0.0"
  
  "delayed-stream@~1.0.0":
    "version" "1.0.0"
  
  "download-stats@^0.3.4":
    "version" "0.3.4"
    dependencies:
      "JSONStream" "^1.2.1"
      "lazy-cache" "^2.0.1"
      "moment" "^2.15.1"
  
  "ecc-jsbn@~0.1.1":
    "version" "0.1.2"
    dependencies:
      "jsbn" "~0.1.0"
      "safer-buffer" "^2.1.0"
  
  "event-target-shim@^5.0.0":
    "version" "5.0.1"
  
  "extend@~3.0.2":
    "version" "3.0.2"
  
  "extsprintf@^1.2.0":
    "version" "1.4.0"
  
  "extsprintf@1.3.0":
    "version" "1.3.0"
  
  "fast-deep-equal@^3.1.1":
    "version" "3.1.3"
  
  "fast-json-stable-stringify@^2.0.0":
    "version" "2.1.0"
  
  "follow-redirects@^1.10.0":
    "version" "1.13.0"
  
  "follow-redirects@1.5.10":
    "version" "1.5.10"
    dependencies:
      "debug" "=3.1.0"
  
  "forever-agent@~0.6.1":
    "version" "0.6.1"
  
  "form-data@^2.5.0":
    "version" "2.5.1"
    dependencies:
      "asynckit" "^0.4.0"
      "combined-stream" "^1.0.6"
      "mime-types" "^2.1.12"
  
  "form-data@^3.0.0":
    "version" "3.0.0"
    dependencies:
      "asynckit" "^0.4.0"
      "combined-stream" "^1.0.8"
      "mime-types" "^2.1.12"
  
  "form-data@~2.3.2":
    "version" "2.3.3"
    dependencies:
      "asynckit" "^0.4.0"
      "combined-stream" "^1.0.6"
      "mime-types" "^2.1.12"
  
  "getpass@^0.1.1":
    "version" "0.1.7"
    dependencies:
      "assert-plus" "^1.0.0"
  
  "har-schema@^2.0.0":
    "version" "2.0.0"
  
  "har-validator@~5.1.3":
    "version" "5.1.5"
    dependencies:
      "ajv" "^6.12.3"
      "har-schema" "^2.0.0"
  
  "http-signature@~1.2.0":
    "version" "1.2.0"
    dependencies:
      "assert-plus" "^1.0.0"
      "jsprim" "^1.2.2"
      "sshpk" "^1.7.0"
  
  "inspectable@^1.0.0":
    "version" "1.0.0"
  
  "is-buffer@^1.1.5":
    "version" "1.1.6"
  
  "is-buffer@^2.0.2":
    "version" "2.0.5"
  
  "is-plain-object@^2.0.4":
    "version" "2.0.4"
    dependencies:
      "isobject" "^3.0.1"
  
  "is-typedarray@~1.0.0":
    "version" "1.0.0"
  
  "isobject@^3.0.1":
    "version" "3.0.1"
  
  "isstream@~0.1.2":
    "version" "0.1.2"
  
  "jsbn@~0.1.0":
    "version" "0.1.1"
  
  "json-schema-traverse@^0.4.1":
    "version" "0.4.1"
  
  "json-schema@0.2.3":
    "version" "0.2.3"
  
  "json-stringify-safe@~5.0.1":
    "version" "5.0.1"
  
  "jsonparse@^1.2.0":
    "version" "1.3.1"
  
  "JSONStream@^1.2.1", "JSONStream@^1.3.5":
    "version" "1.3.5"
    dependencies:
      "jsonparse" "^1.2.0"
      "through" ">=2.2.7 <3"
  
  "jsprim@^1.2.2":
    "version" "1.4.1"
    dependencies:
      "assert-plus" "1.0.0"
      "extsprintf" "1.3.0"
      "json-schema" "0.2.3"
      "verror" "1.10.0"
  
  "kind-of@^3.0.2":
    "version" "3.2.2"
    dependencies:
      "is-buffer" "^1.1.5"
  
  "kind-of@^6.0.2":
    "version" "6.0.3"
  
  "lazy-cache@^2.0.1":
    "version" "2.0.2"
    dependencies:
      "set-getter" "^0.1.0"
  
  "middleware-io@^2.5.0":
    "version" "2.5.0"
  
  "mime-db@1.44.0":
    "version" "1.44.0"
  
  "mime-types@^2.1.12", "mime-types@~2.1.19":
    "version" "2.1.27"
    dependencies:
      "mime-db" "1.44.0"
  
  "moment-precise-range-plugin@^1.3.0":
    "version" "1.3.0"
  
  "moment@^2.15.1", "moment@^2.24.0", "moment@^2.29.1", "moment@>=2.14.0", "moment@>=2.9.0":
    "version" "2.29.1"
  
  "ms@2.0.0":
    "version" "2.0.0"
  
  "ms@2.1.2":
    "version" "2.1.2"
  
  "node-fetch@^2.6.1":
    "version" "2.6.1"
  
  "npm-api@^1.0.0":
    "version" "1.0.0"
    dependencies:
      "clone-deep" "^4.0.1"
      "download-stats" "^0.3.4"
      "JSONStream" "^1.3.5"
      "moment" "^2.24.0"
      "paged-request" "^2.0.1"
      "request" "^2.88.0"
  
  "oauth-sign@~0.9.0":
    "version" "0.9.0"
  
  "paged-request@^2.0.1":
    "version" "2.0.1"
    dependencies:
      "axios" "^0.18.0"
  
  "performance-now@^2.1.0":
    "version" "2.1.0"
  
  "psl@^1.1.28":
    "version" "1.8.0"
  
  "punycode@^2.1.0", "punycode@^2.1.1":
    "version" "2.1.1"
  
  "qs@~6.5.2":
    "version" "6.5.2"
  
  "request@^2.88.0":
    "version" "2.88.2"
    dependencies:
      "aws-sign2" "~0.7.0"
      "aws4" "^1.8.0"
      "caseless" "~0.12.0"
      "combined-stream" "~1.0.6"
      "extend" "~3.0.2"
      "forever-agent" "~0.6.1"
      "form-data" "~2.3.2"
      "har-validator" "~5.1.3"
      "http-signature" "~1.2.0"
      "is-typedarray" "~1.0.0"
      "isstream" "~0.1.2"
      "json-stringify-safe" "~5.0.1"
      "mime-types" "~2.1.19"
      "oauth-sign" "~0.9.0"
      "performance-now" "^2.1.0"
      "qs" "~6.5.2"
      "safe-buffer" "^5.1.2"
      "tough-cookie" "~2.5.0"
      "tunnel-agent" "^0.6.0"
      "uuid" "^3.3.2"
  
  "safe-buffer@^5.0.1", "safe-buffer@^5.1.2":
    "version" "5.2.1"
  
  "safer-buffer@^2.0.2", "safer-buffer@^2.1.0", "safer-buffer@~2.1.0":
    "version" "2.1.2"
  
  "sandwich-stream@^2.0.2":
    "version" "2.0.2"
  
  "set-getter@^0.1.0":
    "version" "0.1.0"
    dependencies:
      "to-object-path" "^0.3.0"
  
  "shallow-clone@^3.0.0":
    "version" "3.0.1"
    dependencies:
      "kind-of" "^6.0.2"
  
  "sshpk@^1.7.0":
    "version" "1.16.1"
    dependencies:
      "asn1" "~0.2.3"
      "assert-plus" "^1.0.0"
      "bcrypt-pbkdf" "^1.0.0"
      "dashdash" "^1.12.0"
      "ecc-jsbn" "~0.1.1"
      "getpass" "^0.1.1"
      "jsbn" "~0.1.0"
      "safer-buffer" "^2.0.2"
      "tweetnacl" "~0.14.0"
  
  "through@>=2.2.7 <3":
    "version" "2.3.8"
  
  "to-object-path@^0.3.0":
    "version" "0.3.0"
    dependencies:
      "kind-of" "^3.0.2"
  
  "tough-cookie@~2.5.0":
    "version" "2.5.0"
    dependencies:
      "psl" "^1.1.28"
      "punycode" "^2.1.1"
  
  "tunnel-agent@^0.6.0":
    "version" "0.6.0"
    dependencies:
      "safe-buffer" "^5.0.1"
  
  "tweetnacl@^0.14.3", "tweetnacl@~0.14.0":
    "version" "0.14.5"
  
  "typescript@^4.0.5":
    "version" "4.1.2"
  
  "uri-js@^4.2.2":
    "version" "4.4.0"
    dependencies:
      "punycode" "^2.1.0"
  
  "uuid@^3.3.2":
    "version" "3.4.0"
  
  "verror@1.10.0":
    "version" "1.10.0"
    dependencies:
      "assert-plus" "^1.0.0"
      "core-util-is" "1.0.2"
      "extsprintf" "^1.2.0"
  
  "vk-io@^4.0.3":
    "version" "4.1.2"
    dependencies:
      "abort-controller" "^3.0.0"
      "debug" "^4.3.1"
      "form-data" "^3.0.0"
      "inspectable" "^1.0.0"
      "middleware-io" "^2.5.0"
      "node-fetch" "^2.6.1"
      "sandwich-stream" "^2.0.2"
